<?xml version="1.0" encoding="UTF-8"?>
<!-- Generated by org.testng.reporters.JUnitXMLReporter -->
<testsuite ignored="0" hostname="LAPTOP-6JAL3NBB" failures="0" tests="5" name="Default test" time="3.897" errors="0" timestamp="2024-03-15T13:18:19 IST">
  <testcase classname="studentapi.test.StudentTests" name="testPostStudent" time="3.074"/>
  <testcase classname="studentapi.test.StudentTests" name="testGetStudent" time="0.353"/>
  <testcase classname="studentapi.test.StudentTests" name="testGetStudentById" time="0.185"/>
  <testcase classname="studentapi.test.StudentTests" name="testUpdateStudent" time="0.058"/>
  <testcase classname="studentapi.test.StudentTests" name="testDeleteStudent" time="0.092"/>
</testsuite> <!-- Default test -->
