<?xml version="1.0" encoding="UTF-8"?>
<testng-results ignored="0" total="5" passed="5" failed="0" skipped="0">
  <reporter-output>
  </reporter-output>
  <suite started-at="2024-03-15T13:18:16 IST" name="Default suite" finished-at="2024-03-15T13:18:19 IST" duration-ms="3897">
    <groups>
    </groups>
    <test started-at="2024-03-15T13:18:16 IST" name="Default test" finished-at="2024-03-15T13:18:19 IST" duration-ms="3897">
      <class name="studentapi.test.StudentTests">
        <test-method is-config="true" signature="setup()[pri:0, instance:studentapi.test.StudentTests@145f66e3]" started-at="2024-03-15T13:18:16 IST" name="setup" finished-at="2024-03-15T13:18:16 IST" duration-ms="106" status="PASS">
          <reporter-output>
          </reporter-output>
        </test-method> <!-- setup -->
        <test-method signature="testPostStudent()[pri:1, instance:studentapi.test.StudentTests@145f66e3]" started-at="2024-03-15T13:18:16 IST" name="testPostStudent" finished-at="2024-03-15T13:18:19 IST" duration-ms="3074" status="PASS">
          <reporter-output>
          </reporter-output>
        </test-method> <!-- testPostStudent -->
        <test-method signature="testGetStudent()[pri:2, instance:studentapi.test.StudentTests@145f66e3]" started-at="2024-03-15T13:18:19 IST" name="testGetStudent" finished-at="2024-03-15T13:18:19 IST" duration-ms="353" status="PASS">
          <reporter-output>
          </reporter-output>
        </test-method> <!-- testGetStudent -->
        <test-method signature="testGetStudentById()[pri:3, instance:studentapi.test.StudentTests@145f66e3]" started-at="2024-03-15T13:18:19 IST" name="testGetStudentById" finished-at="2024-03-15T13:18:19 IST" duration-ms="185" status="PASS">
          <reporter-output>
          </reporter-output>
        </test-method> <!-- testGetStudentById -->
        <test-method signature="testUpdateStudent()[pri:4, instance:studentapi.test.StudentTests@145f66e3]" started-at="2024-03-15T13:18:19 IST" name="testUpdateStudent" finished-at="2024-03-15T13:18:19 IST" duration-ms="58" status="PASS">
          <reporter-output>
          </reporter-output>
        </test-method> <!-- testUpdateStudent -->
        <test-method signature="testDeleteStudent()[pri:5, instance:studentapi.test.StudentTests@145f66e3]" started-at="2024-03-15T13:18:19 IST" name="testDeleteStudent" finished-at="2024-03-15T13:18:19 IST" duration-ms="92" status="PASS">
          <reporter-output>
          </reporter-output>
        </test-method> <!-- testDeleteStudent -->
      </class> <!-- studentapi.test.StudentTests -->
    </test> <!-- Default test -->
  </suite> <!-- Default suite -->
</testng-results>
